#
# A fatal error has been detected by the Java Runtime Environment:
#
#  SIGSEGV (0xb) at pc=0x00007fb0616104ac, pid=39345, tid=39385
#
# JRE version: OpenJDK Runtime Environment Microsoft-11369869 (17.0.15+6) (build 17.0.15+6-LTS)
# Java VM: OpenJDK 64-Bit Server VM Microsoft-11369869 (17.0.15+6-LTS, mixed mode, tiered, compressed oops, compressed class ptrs, g1 gc, linux-amd64)
# Problematic frame:
# C  0x000000006a47fb08
#
# Core dump will be written. Default location: Core dumps may be processed with "/usr/lib/systemd/systemd-coredump %P %u %g %s %t %c %h %d %F %I" (or dumping to /home/robertojdsf/.local/share/PrismLauncher/instances/S.I.N.C. 2.5- Electric Boogaloo/minecraft/core.39345)
#
# If you would like to submit a bug report, please visit:
#   https://aka.ms/minecraftjavacrashes
#

---------------  S U M M A R Y ------------

Command Line: -Duser.language=en -Xms512m -Xmx4096m -Djava.library.path=/home/robertojdsf/.local/share/PrismLauncher/instances/S.I.N.C. 2.5- Electric Boogaloo/natives org.prismlauncher.EntryPoint

Host: AMD Ryzen 5 7600X 6-Core Processor, 12 cores, 14G, CachyOS
Time: Fri Jul  3 15:10:16 2026 -03 elapsed time: 120.005428 seconds (0d 0h 2m 0s)

---------------  T H R E A D  ---------------

Current thread is native thread

Stack: [0x00007fb060400000,0x00007fb060c00000],  sp=0x00007fb060bfed58,  free space=8187k
Native frames: (J=compiled Java code, j=interpreted, Vv=VM code, C=native code)
C  0x000000006a47fb08


siginfo: si_signo: 11 (SIGSEGV), si_code: 1 (SEGV_MAPERR), si_addr: 0x00007fb0616104ac

Registers:
RAX=0x000000000000006e, RBX=0x00007fb0e1272c00, RCX=0x00000000000099d9, RDX=0x0000000000000000
RSP=0x00007fb060bfed50, RBP=0x0000000000000064, RSI=0x0000000000000000, RDI=0x00007fb0e1272c30
R8 =0x0000000000000000, R9 =0x000000000000079e, R10=0x00007fb060bfed60, R11=0x00007fb060bff6c0
R12=0x00007fb0e1272c30, R13=0x0000000000000000, R14=0x0000000005f5e100, R15=0x00007fb0e12bfc00
RIP=0x00007fb0616104ac, EFLAGS=0x0000000000010206, CSGSFS=0x002b000000000033, ERR=0x0000000000000014
  TRAPNO=0x000000000000000e

XMM[0]=0x0000000000000000 0x00007fb060bff9c8
XMM[1]=0x0000000000000000 0x0000000000000000
XMM[2]=0x0000000000000004 0x0000000000000000
XMM[3]=0x0000000000000000 0x0000000000000006
XMM[4]=0x0000000000000000 0x0000000000000000
XMM[5]=0x0000000000000000 0x0000000000000000
XMM[6]=0x0000000000000000 0x0000000000000000
XMM[7]=0x0000000000000051 0x0000000000000000
XMM[8]=0x0000000000000000 0x000000003f800000
XMM[9]=0x0000000000000000 0x000000003e4ccccd
XMM[10]=0x0000000000000000 0x0000000200000000
XMM[11]=0x0000000000000000 0x00000000000047eb
XMM[12]=0x0000000000000000 0x090a0b0c0d0e0f10
XMM[13]=0x0000000000000000 0x12835b01d807aa98
XMM[14]=0x0000000000000000 0x59f111f13956c25b
XMM[15]=0x0000000000000000 0x71374491428a2f98
  MXCSR=0x00001fa0


Top of Stack: (sp=0x00007fb060bfed50)
0x00007fb060bfed50:   000000006a47fb08 00000000000257d5
0x00007fb060bfed60:   000000006a47fb08 000000000f1cf908
0x00007fb060bfed70:   00007fb0e1be0b40 00007fb062f58ec0
0x00007fb060bfed80:   00007fb062f60280 00007fb0e1be0f40
0x00007fb060bfed90:   00007fb062f25fa0 00007fb0614152c2
0x00007fb060bfeda0:   00007fb000000000 00017fb06316bcf7
0x00007fb060bfedb0:   00007fb062f25fa0 00007fb06160bf24
0x00007fb060bfedc0:   00007fb060bfede8 00007fb0631751e8
0x00007fb060bfedd0:   0000000000000001 0000000000000001
0x00007fb060bfede0:   00007fb060bff6c0 00007fb06161156f
0x00007fb060bfedf0:   00007fb060bffce4 00007fb0e1be0f40
0x00007fb060bfee00:   00007fb0616113b0 00007fb0e66f3a70
0x00007fb060bfee10:   00007fb0e66f3b70 0000000000000000
0x00007fb060bfee20:   00007fb060bff6c0 00007fb061610664
0x00007fb060bfee30:   00007fb060bffce4 00007fb060bffce4
0x00007fb060bfee40:   0000000000000000 00007fb0e7cac0ec
0x00007fb060bfee50:   00007fb060bff6c0 0000000000801000
0x00007fb060bfee60:   0000000000000000 0000000000000021
0x00007fb060bfee70:   0000000000801000 0000000000000000
0x00007fb060bfee80:   00007fb0603ff000 0000000000801000
0x00007fb060bfee90:   ffffffffffffff40 4d65b3a77634136c
0x00007fb060bfeea0:   00007fb0e66f3a70 00007fb0e66f3b70
0x00007fb060bfeeb0:   0000000000000000 00007fb060bff6c0
0x00007fb060bfeec0:   b20572d8aa94136c b2047c320b06136c
0x00007fb060bfeed0:   0000000000000000 0000000000000000
0x00007fb060bfeee0:   0000000000000000 0000000000000000
0x00007fb060bfeef0:   0000000000000000 0000000000000000
0x00007fb060bfef00:   203a6362696c6720 2064616572687470
0x00007fb060bfef10:   33203a6b63617473 0000000035383339
0x00007fb060bfef20:   0000000000000000 0000000000000000
0x00007fb060bfef30:   0000000000000000 0000000000000000
0x00007fb060bfef40:   0000000000000000 0000000000000000 

Instructions: (pc=0x000000006a47fb08)
0x000000006a47fa08:   ?? ?? ?? ?? ?? ?? ?? ?? ?? ?? ?? ?? ?? ?? ?? ??
0x000000006a47fa18:   ?? ?? ?? ?? ?? ?? ?? ?? ?? ?? ?? ?? ?? ?? ?? ??
0x000000006a47fa28:   ?? ?? ?? ?? ?? ?? ?? ?? ?? ?? ?? ?? ?? ?? ?? ??
0x000000006a47fa38:   ?? ?? ?? ?? ?? ?? ?? ?? ?? ?? ?? ?? ?? ?? ?? ??
0x000000006a47fa48:   ?? ?? ?? ?? ?? ?? ?? ?? ?? ?? ?? ?? ?? ?? ?? ??
0x000000006a47fa58:   ?? ?? ?? ?? ?? ?? ?? ?? ?? ?? ?? ?? ?? ?? ?? ??
0x000000006a47fa68:   ?? ?? ?? ?? ?? ?? ?? ?? ?? ?? ?? ?? ?? ?? ?? ??
0x000000006a47fa78:   ?? ?? ?? ?? ?? ?? ?? ?? ?? ?? ?? ?? ?? ?? ?? ??
0x000000006a47fa88:   ?? ?? ?? ?? ?? ?? ?? ?? ?? ?? ?? ?? ?? ?? ?? ??
0x000000006a47fa98:   ?? ?? ?? ?? ?? ?? ?? ?? ?? ?? ?? ?? ?? ?? ?? ??
0x000000006a47faa8:   ?? ?? ?? ?? ?? ?? ?? ?? ?? ?? ?? ?? ?? ?? ?? ??
0x000000006a47fab8:   ?? ?? ?? ?? ?? ?? ?? ?? ?? ?? ?? ?? ?? ?? ?? ??
0x000000006a47fac8:   ?? ?? ?? ?? ?? ?? ?? ?? ?? ?? ?? ?? ?? ?? ?? ??
0x000000006a47fad8:   ?? ?? ?? ?? ?? ?? ?? ?? ?? ?? ?? ?? ?? ?? ?? ??
0x000000006a47fae8:   ?? ?? ?? ?? ?? ?? ?? ?? ?? ?? ?? ?? ?? ?? ?? ??
0x000000006a47faf8:   ?? ?? ?? ?? ?? ?? ?? ?? ?? ?? ?? ?? ?? ?? ?? ??
0x000000006a47fb08:   ?? ?? ?? ?? ?? ?? ?? ?? ?? ?? ?? ?? ?? ?? ?? ??
0x000000006a47fb18:   ?? ?? ?? ?? ?? ?? ?? ?? ?? ?? ?? ?? ?? ?? ?? ??
0x000000006a47fb28:   ?? ?? ?? ?? ?? ?? ?? ?? ?? ?? ?? ?? ?? ?? ?? ??
0x000000006a47fb38:   ?? ?? ?? ?? ?? ?? ?? ?? ?? ?? ?? ?? ?? ?? ?? ??
0x000000006a47fb48:   ?? ?? ?? ?? ?? ?? ?? ?? ?? ?? ?? ?? ?? ?? ?? ??
0x000000006a47fb58:   ?? ?? ?? ?? ?? ?? ?? ?? ?? ?? ?? ?? ?? ?? ?? ??
0x000000006a47fb68:   ?? ?? ?? ?? ?? ?? ?? ?? ?? ?? ?? ?? ?? ?? ?? ??
0x000000006a47fb78:   ?? ?? ?? ?? ?? ?? ?? ?? ?? ?? ?? ?? ?? ?? ?? ??
0x000000006a47fb88:   ?? ?? ?? ?? ?? ?? ?? ?? ?? ?? ?? ?? ?? ?? ?? ??
0x000000006a47fb98:   ?? ?? ?? ?? ?? ?? ?? ?? ?? ?? ?? ?? ?? ?? ?? ??
0x000000006a47fba8:   ?? ?? ?? ?? ?? ?? ?? ?? ?? ?? ?? ?? ?? ?? ?? ??
0x000000006a47fbb8:   ?? ?? ?? ?? ?? ?? ?? ?? ?? ?? ?? ?? ?? ?? ?? ??
0x000000006a47fbc8:   ?? ?? ?? ?? ?? ?? ?? ?? ?? ?? ?? ?? ?? ?? ?? ??
0x000000006a47fbd8:   ?? ?? ?? ?? ?? ?? ?? ?? ?? ?? ?? ?? ?? ?? ?? ??
0x000000006a47fbe8:   ?? ?? ?? ?? ?? ?? ?? ?? ?? ?? ?? ?? ?? ?? ?? ??
0x000000006a47fbf8:   ?? ?? ?? ?? ?? ?? ?? ?? ?? ?? ?? ?? ?? ?? ?? ?? 



---------------  P R O C E S S  ---------------

VM state: at safepoint (shutting down)

VM Mutex/Monitor currently owned by a thread:  ([mutex/lock_event])
[0x00007fb0e00294f0] Threads_lock - owner thread: 0x00007fb0e024b1c0
[0x00007fb0e0029ca0] Heap_lock - owner thread: 0x00007fb0e002c3b0

